<?xml version="1.0" encoding="UTF-8"?>
<!-- Generated by org.testng.reporters.JUnitXMLReporter -->
<testsuite ignored="0" hostname="ip-172-31-37-171" failures="0" tests="4" name="chromeTest" time="25.456" errors="0" timestamp="2022-01-26T22:52:37 IST">
  <testcase classname="Test.landingPageTest" name="verifyLandingPage" time="0.246"/>
  <testcase classname="Test.homePageTest" name="verifyHomePage" time="1.883"/>
  <testcase classname="Test.signInTest" name="verifyLogin" time="4.603"/>
  <testcase classname="Test.productTest" name="verifyPurchaseAndOrderID" time="5.32"/>
</testsuite> <!-- chromeTest -->
