<?xml version="1.0" encoding="UTF-8"?>
<!-- Generated by org.testng.reporters.JUnitXMLReporter -->
<testsuite ignored="0" hostname="ip-172-31-37-171" failures="0" tests="4" name="chromeTest" time="20.903" errors="0" timestamp="2022-01-26T16:33:02 IST">
  <testcase classname="Test.landingPageTest" name="verifyLandingPage" time="0.175"/>
  <testcase classname="Test.homePageTest" name="verifyHomePage" time="1.837"/>
  <testcase classname="Test.signInTest" name="verifyLogin" time="4.67"/>
  <testcase classname="Test.productTest" name="verifyPurchaseAndOrderID" time="5.102"/>
</testsuite> <!-- chromeTest -->
