<?xml version="1.0" encoding="UTF-8"?>
<!-- Generated by org.testng.reporters.JUnitXMLReporter -->
<testsuite ignored="0" hostname="ip-172-31-37-171" failures="1" tests="1" name="Test" time="3.695" errors="0" timestamp="2022-01-23T23:32:23 IST">
  <testcase classname="Test.LandingPageTest" name="verifyTitle" time="0.014">
    <failure type="java.lang.NullPointerException">
      <![CDATA[java.lang.NullPointerException
at Pages.LandingPage.verifyTitle(LandingPage.java:22)
at Test.LandingPageTest.verifyTitle(LandingPageTest.java:21)
at java.base/java.util.ArrayList.forEach(ArrayList.java:1541)
... Removed 27 stack frames]]>
    </failure>
  </testcase> <!-- verifyTitle -->
</testsuite> <!-- Test -->
